<?xml version="1.0" encoding="UTF-8"?>
<!-- Generated by org.testng.reporters.JUnitXMLReporter -->
<testsuite hostname="LAPTOP-G790OGBU" name="Default test" tests="5" failures="0" timestamp="6 Feb 2024 08:47:39 GMT" time="47.695" errors="0">
  <testcase name="VerifyBrowser" time="0.006" classname="Test.TestRegisterPage"/>
  <testcase name="RegPage" time="9.255" classname="Test.TestRegisterPage"/>
  <testcase name="RegPage" time="9.088" classname="Test.TestRegisterPage"/>
  <testcase name="RegPage" time="9.189" classname="Test.TestRegisterPage"/>
  <testcase name="RegPage" time="8.98" classname="Test.TestRegisterPage"/>
</testsuite> <!-- Default test -->
