<?xml version="1.0" encoding="UTF-8"?>
<!-- Generated by org.testng.reporters.JUnitXMLReporter -->
<testsuite hostname="LAPTOP-G790OGBU" name="Test2" tests="8" failures="0" timestamp="17 May 2024 10:47:04 GMT" time="68.308" errors="0">
  <testcase name="verfiyAlert" time="0.005" classname="TestScript.TestAlert"/>
  <testcase name="verifyCancelConfirmationAlert" time="0.519" classname="TestScript.TestAlert"/>
  <testcase name="performSingleFrameHandling" time="0.177" classname="TestScript.TestFrame"/>
  <testcase name="verifyRegisterPage" time="0.005" classname="TestScript.TestRegister"/>
  <testcase name="verifyRegisterPageByUsingValidData" time="0.708" classname="TestScript.TestRegister"/>
  <testcase name="verifySingelwindowHandle" time="0.639" classname="TestScript.TestWindowHandle"/>
  <testcase name="verifyWindowPage" time="0.003" classname="TestScript.TestWindowHandle"/>
  <testcase name="verifyHomePage" time="0.052" classname="TestScript.TestHome"/>
</testsuite> <!-- Test2 -->
