<?xml version="1.0" encoding="UTF-8"?>
<!-- Generated by org.testng.reporters.JUnitXMLReporter -->
<testsuite hostname="LAPTOP-G790OGBU" name="Test2" tests="8" failures="0" timestamp="22 Nov 2024 06:46:29 GMT" time="194.441" errors="0">
  <testcase name="verfiyAlert" time="0.02" classname="TestScript.TestAlert"/>
  <testcase name="verifyCancelConfirmationAlert" time="0.544" classname="TestScript.TestAlert"/>
  <testcase name="performSingleFrameHandling" time="0.2" classname="TestScript.TestFrame"/>
  <testcase name="verifyRegisterPage" time="0.006" classname="TestScript.TestRegister"/>
  <testcase name="verifyRegisterPageByUsingValidData" time="0.641" classname="TestScript.TestRegister"/>
  <testcase name="verifySingelwindowHandle" time="0.723" classname="TestScript.TestWindowHandle"/>
  <testcase name="verifyWindowPage" time="0.004" classname="TestScript.TestWindowHandle"/>
  <testcase name="verifyHomePage" time="0.009" classname="TestScript.TestHome"/>
</testsuite> <!-- Test2 -->
