<?xml version="1.0" encoding="UTF-8"?>
<!-- Generated by org.testng.reporters.JUnitXMLReporter -->
<testsuite hostname="LAPTOP-G790OGBU" name="Test1" tests="8" failures="0" timestamp="22 Nov 2024 06:43:15 GMT" time="190.794" errors="0">
  <testcase name="verfiyAlert" time="0.018" classname="TestScript.TestAlert"/>
  <testcase name="verifyCancelConfirmationAlert" time="0.499" classname="TestScript.TestAlert"/>
  <testcase name="performSingleFrameHandling" time="0.366" classname="TestScript.TestFrame"/>
  <testcase name="verifyRegisterPage" time="0.042" classname="TestScript.TestRegister"/>
  <testcase name="verifyRegisterPageByUsingValidData" time="1.577" classname="TestScript.TestRegister"/>
  <testcase name="verifySingelwindowHandle" time="14.75" classname="TestScript.TestWindowHandle"/>
  <testcase name="verifyWindowPage" time="0.009" classname="TestScript.TestWindowHandle"/>
  <testcase name="verifyHomePage" time="0.021" classname="TestScript.TestHome"/>
</testsuite> <!-- Test1 -->
