<?xml version="1.0" encoding="UTF-8"?>
<!-- Generated by org.testng.reporters.JUnitXMLReporter -->
<testsuite hostname="LAPTOP-G790OGBU" name="Test" tests="14" failures="3" timestamp="25 Jun 2024 10:28:13 GMT" time="68.203" errors="0">
  <testcase name="verfiyAlert" time="0.014" classname="TestScript.TestAlert"/>
  <testcase name="verifyAccpectConfirmationAlert" time="0.541" classname="TestScript.TestAlert"/>
  <testcase name="verifyCancelConfirmationAlert" time="0.374" classname="TestScript.TestAlert"/>
  <testcase name="verifyPromptAlert" time="0.398" classname="TestScript.TestAlert"/>
  <testcase name="verifySimpleAlert" time="0.016" classname="TestScript.TestAlert"/>
  <testcase name="verifySeprateWindowHandle" time="1.002" classname="TestScript.TestWindowHandle"/>
  <testcase name="verifyWindowPage" time="0.006" classname="TestScript.TestWindowHandle"/>
  <testcase name="verifyMultipleWindowHandling" time="1.293" classname="TestScript.TestWindowHandle"/>
  <testcase name="VerifyRegisterPage" time="4.609" classname="TestScript.TestRegister">
    <failure type="org.openqa.selenium.ElementClickInterceptedException" message="Element &amp;lt;a class=&amp;quot;ui-corner-all&amp;quot;&amp;gt; is not clickable at point (619,722) because another element &amp;lt;iframe id=&amp;quot;aswift_2&amp;quot; name=&amp;quot;aswift_2&amp;quot; src=&amp;quot;https://googleads.g.doubleclick.net/pagead/html/r20240618/r20110914/zrt_lookup_fy2021.html#RS-0-&amp;amp;adk=1812271801&amp;amp;client=ca-pub-9173866185064071&amp;amp;fa=1&amp;amp;ifi=3&amp;amp;uci=a!3&amp;amp;btvi=1&amp;quot;&amp;gt; obscures it
Build info: version: &amp;apos;4.11.0&amp;apos;, revision: &amp;apos;040bc5406b&amp;apos;
System info: os.name: &amp;apos;Windows 10&amp;apos;, os.arch: &amp;apos;amd64&amp;apos;, os.version: &amp;apos;10.0&amp;apos;, java.version: &amp;apos;1.8.0_202&amp;apos;
Driver info: org.openqa.selenium.firefox.FirefoxDriver
Command: [2c7c4fa8-7241-4356-a50b-7470399bf57f, clickElement {id=1a9d9216-5a3f-4a5d-a27d-cd91e8c18bc4}]
Capabilities {acceptInsecureCerts: true, browserName: firefox, browserVersion: 127.0.1, moz:accessibilityChecks: false, moz:buildID: 20240618110440, moz:debuggerAddress: 127.0.0.1:47713, moz:geckodriverVersion: 0.34.0, moz:headless: false, moz:platformVersion: 10.0, moz:processID: 22432, moz:profile: C:\Users\hp\AppData\Local\T..., moz:shutdownTimeout: 60000, moz:webdriverClick: true, moz:windowless: false, pageLoadStrategy: normal, platformName: windows, proxy: Proxy(), se:cdp: ws://127.0.0.1:47713/devtoo..., se:cdpVersion: 85.0, setWindowRect: true, strictFileInteractability: false, timeouts: {implicit: 0, pageLoad: 300000, script: 30000}, unhandledPromptBehavior: dismiss and notify, userAgent: Mozilla/5.0 (Windows NT 10....}
Element: [[FirefoxDriver: firefox on windows (2c7c4fa8-7241-4356-a50b-7470399bf57f)] -&amp;gt; xpath: //form[@id=&amp;apos;basicBootstrapForm&amp;apos;]/div[7]//div/multi-select/div[2]/ul/li/a]
Session ID: 2c7c4fa8-7241-4356-a50b-7470399bf57f">
      <![CDATA[org.openqa.selenium.ElementClickInterceptedException: Element <a class="ui-corner-all"> is not clickable at point (619,722) because another element <iframe id="aswift_2" name="aswift_2" src="https://googleads.g.doubleclick.net/pagead/html/r20240618/r20110914/zrt_lookup_fy2021.html#RS-0-&adk=1812271801&client=ca-pub-9173866185064071&fa=1&ifi=3&uci=a!3&btvi=1"> obscures it
Build info: version: '4.11.0', revision: '040bc5406b'
System info: os.name: 'Windows 10', os.arch: 'amd64', os.version: '10.0', java.version: '1.8.0_202'
Driver info: org.openqa.selenium.firefox.FirefoxDriver
Command: [2c7c4fa8-7241-4356-a50b-7470399bf57f, clickElement {id=1a9d9216-5a3f-4a5d-a27d-cd91e8c18bc4}]
Capabilities {acceptInsecureCerts: true, browserName: firefox, browserVersion: 127.0.1, moz:accessibilityChecks: false, moz:buildID: 20240618110440, moz:debuggerAddress: 127.0.0.1:47713, moz:geckodriverVersion: 0.34.0, moz:headless: false, moz:platformVersion: 10.0, moz:processID: 22432, moz:profile: C:\Users\hp\AppData\Local\T..., moz:shutdownTimeout: 60000, moz:webdriverClick: true, moz:windowless: false, pageLoadStrategy: normal, platformName: windows, proxy: Proxy(), se:cdp: ws://127.0.0.1:47713/devtoo..., se:cdpVersion: 85.0, setWindowRect: true, strictFileInteractability: false, timeouts: {implicit: 0, pageLoad: 300000, script: 30000}, unhandledPromptBehavior: dismiss and notify, userAgent: Mozilla/5.0 (Windows NT 10....}
Element: [[FirefoxDriver: firefox on windows (2c7c4fa8-7241-4356-a50b-7470399bf57f)] -> xpath: //form[@id='basicBootstrapForm']/div[7]//div/multi-select/div[2]/ul/li/a]
Session ID: 2c7c4fa8-7241-4356-a50b-7470399bf57f
	at org.openqa.selenium.remote.codec.w3c.W3CHttpResponseCodec.createException(W3CHttpResponseCodec.java:200)
	at org.openqa.selenium.remote.codec.w3c.W3CHttpResponseCodec.decode(W3CHttpResponseCodec.java:133)
	at org.openqa.selenium.remote.codec.w3c.W3CHttpResponseCodec.decode(W3CHttpResponseCodec.java:52)
	at org.openqa.selenium.remote.HttpCommandExecutor.execute(HttpCommandExecutor.java:191)
	at org.openqa.selenium.remote.service.DriverCommandExecutor.invokeExecute(DriverCommandExecutor.java:196)
	at org.openqa.selenium.remote.service.DriverCommandExecutor.execute(DriverCommandExecutor.java:171)
	at org.openqa.selenium.remote.RemoteWebDriver.execute(RemoteWebDriver.java:518)
	at org.openqa.selenium.remote.RemoteWebElement.execute(RemoteWebElement.java:224)
	at org.openqa.selenium.remote.RemoteWebElement.click(RemoteWebElement.java:77)
	at UtilityClass.ActionsMethod.Click(ActionsMethod.java:31)
	at Pom.Registerpage.selectLaunage(Registerpage.java:366)
	at TestScript.TestRegister.VerifyRegisterPage(TestRegister.java:120)
... Removed 28 stack frames]]>
    </failure>
  </testcase> <!-- VerifyRegisterPage -->
  <testcase name="VerifyRegisterPage" time="10.1" classname="TestScript.TestRegister"/>
  <testcase name="VerifyRegisterPage" time="4.377" classname="TestScript.TestRegister">
    <failure type="org.openqa.selenium.ElementClickInterceptedException" message="Element &amp;lt;a class=&amp;quot;ui-corner-all&amp;quot;&amp;gt; is not clickable at point (619,722) because another element &amp;lt;iframe id=&amp;quot;aswift_2&amp;quot; name=&amp;quot;aswift_2&amp;quot; src=&amp;quot;https://googleads.g.doubleclick.net/pagead/html/r20240618/r20110914/zrt_lookup_fy2021.html#RS-0-&amp;amp;adk=1812271801&amp;amp;client=ca-pub-9173866185064071&amp;amp;fa=1&amp;amp;ifi=3&amp;amp;uci=a!3&amp;amp;btvi=1&amp;quot;&amp;gt; obscures it
Build info: version: &amp;apos;4.11.0&amp;apos;, revision: &amp;apos;040bc5406b&amp;apos;
System info: os.name: &amp;apos;Windows 10&amp;apos;, os.arch: &amp;apos;amd64&amp;apos;, os.version: &amp;apos;10.0&amp;apos;, java.version: &amp;apos;1.8.0_202&amp;apos;
Driver info: org.openqa.selenium.firefox.FirefoxDriver
Command: [2c7c4fa8-7241-4356-a50b-7470399bf57f, clickElement {id=7a5daea8-c700-4bec-8184-820774993213}]
Capabilities {acceptInsecureCerts: true, browserName: firefox, browserVersion: 127.0.1, moz:accessibilityChecks: false, moz:buildID: 20240618110440, moz:debuggerAddress: 127.0.0.1:47713, moz:geckodriverVersion: 0.34.0, moz:headless: false, moz:platformVersion: 10.0, moz:processID: 22432, moz:profile: C:\Users\hp\AppData\Local\T..., moz:shutdownTimeout: 60000, moz:webdriverClick: true, moz:windowless: false, pageLoadStrategy: normal, platformName: windows, proxy: Proxy(), se:cdp: ws://127.0.0.1:47713/devtoo..., se:cdpVersion: 85.0, setWindowRect: true, strictFileInteractability: false, timeouts: {implicit: 0, pageLoad: 300000, script: 30000}, unhandledPromptBehavior: dismiss and notify, userAgent: Mozilla/5.0 (Windows NT 10....}
Element: [[FirefoxDriver: firefox on windows (2c7c4fa8-7241-4356-a50b-7470399bf57f)] -&amp;gt; xpath: //form[@id=&amp;apos;basicBootstrapForm&amp;apos;]/div[7]//div/multi-select/div[2]/ul/li/a]
Session ID: 2c7c4fa8-7241-4356-a50b-7470399bf57f">
      <![CDATA[org.openqa.selenium.ElementClickInterceptedException: Element <a class="ui-corner-all"> is not clickable at point (619,722) because another element <iframe id="aswift_2" name="aswift_2" src="https://googleads.g.doubleclick.net/pagead/html/r20240618/r20110914/zrt_lookup_fy2021.html#RS-0-&adk=1812271801&client=ca-pub-9173866185064071&fa=1&ifi=3&uci=a!3&btvi=1"> obscures it
Build info: version: '4.11.0', revision: '040bc5406b'
System info: os.name: 'Windows 10', os.arch: 'amd64', os.version: '10.0', java.version: '1.8.0_202'
Driver info: org.openqa.selenium.firefox.FirefoxDriver
Command: [2c7c4fa8-7241-4356-a50b-7470399bf57f, clickElement {id=7a5daea8-c700-4bec-8184-820774993213}]
Capabilities {acceptInsecureCerts: true, browserName: firefox, browserVersion: 127.0.1, moz:accessibilityChecks: false, moz:buildID: 20240618110440, moz:debuggerAddress: 127.0.0.1:47713, moz:geckodriverVersion: 0.34.0, moz:headless: false, moz:platformVersion: 10.0, moz:processID: 22432, moz:profile: C:\Users\hp\AppData\Local\T..., moz:shutdownTimeout: 60000, moz:webdriverClick: true, moz:windowless: false, pageLoadStrategy: normal, platformName: windows, proxy: Proxy(), se:cdp: ws://127.0.0.1:47713/devtoo..., se:cdpVersion: 85.0, setWindowRect: true, strictFileInteractability: false, timeouts: {implicit: 0, pageLoad: 300000, script: 30000}, unhandledPromptBehavior: dismiss and notify, userAgent: Mozilla/5.0 (Windows NT 10....}
Element: [[FirefoxDriver: firefox on windows (2c7c4fa8-7241-4356-a50b-7470399bf57f)] -> xpath: //form[@id='basicBootstrapForm']/div[7]//div/multi-select/div[2]/ul/li/a]
Session ID: 2c7c4fa8-7241-4356-a50b-7470399bf57f
	at org.openqa.selenium.remote.codec.w3c.W3CHttpResponseCodec.createException(W3CHttpResponseCodec.java:200)
	at org.openqa.selenium.remote.codec.w3c.W3CHttpResponseCodec.decode(W3CHttpResponseCodec.java:133)
	at org.openqa.selenium.remote.codec.w3c.W3CHttpResponseCodec.decode(W3CHttpResponseCodec.java:52)
	at org.openqa.selenium.remote.HttpCommandExecutor.execute(HttpCommandExecutor.java:191)
	at org.openqa.selenium.remote.service.DriverCommandExecutor.invokeExecute(DriverCommandExecutor.java:196)
	at org.openqa.selenium.remote.service.DriverCommandExecutor.execute(DriverCommandExecutor.java:171)
	at org.openqa.selenium.remote.RemoteWebDriver.execute(RemoteWebDriver.java:518)
	at org.openqa.selenium.remote.RemoteWebElement.execute(RemoteWebElement.java:224)
	at org.openqa.selenium.remote.RemoteWebElement.click(RemoteWebElement.java:77)
	at UtilityClass.ActionsMethod.Click(ActionsMethod.java:31)
	at Pom.Registerpage.selectLaunage(Registerpage.java:366)
	at TestScript.TestRegister.VerifyRegisterPage(TestRegister.java:120)
... Removed 28 stack frames]]>
    </failure>
  </testcase> <!-- VerifyRegisterPage -->
  <testcase name="VerifyRegisterPage" time="4.895" classname="TestScript.TestRegister">
    <failure type="org.openqa.selenium.ElementClickInterceptedException" message="Element &amp;lt;a class=&amp;quot;ui-corner-all&amp;quot;&amp;gt; is not clickable at point (619,721) because another element &amp;lt;iframe id=&amp;quot;aswift_2&amp;quot; name=&amp;quot;aswift_2&amp;quot; src=&amp;quot;https://googleads.g.doubleclick.net/pagead/html/r20240618/r20110914/zrt_lookup_fy2021.html#RS-0-&amp;amp;adk=1812271801&amp;amp;client=ca-pub-9173866185064071&amp;amp;fa=1&amp;amp;ifi=3&amp;amp;uci=a!3&amp;amp;btvi=1&amp;quot;&amp;gt; obscures it
Build info: version: &amp;apos;4.11.0&amp;apos;, revision: &amp;apos;040bc5406b&amp;apos;
System info: os.name: &amp;apos;Windows 10&amp;apos;, os.arch: &amp;apos;amd64&amp;apos;, os.version: &amp;apos;10.0&amp;apos;, java.version: &amp;apos;1.8.0_202&amp;apos;
Driver info: org.openqa.selenium.firefox.FirefoxDriver
Command: [2c7c4fa8-7241-4356-a50b-7470399bf57f, clickElement {id=2560a618-6e50-4185-96a3-231999f98502}]
Capabilities {acceptInsecureCerts: true, browserName: firefox, browserVersion: 127.0.1, moz:accessibilityChecks: false, moz:buildID: 20240618110440, moz:debuggerAddress: 127.0.0.1:47713, moz:geckodriverVersion: 0.34.0, moz:headless: false, moz:platformVersion: 10.0, moz:processID: 22432, moz:profile: C:\Users\hp\AppData\Local\T..., moz:shutdownTimeout: 60000, moz:webdriverClick: true, moz:windowless: false, pageLoadStrategy: normal, platformName: windows, proxy: Proxy(), se:cdp: ws://127.0.0.1:47713/devtoo..., se:cdpVersion: 85.0, setWindowRect: true, strictFileInteractability: false, timeouts: {implicit: 0, pageLoad: 300000, script: 30000}, unhandledPromptBehavior: dismiss and notify, userAgent: Mozilla/5.0 (Windows NT 10....}
Element: [[FirefoxDriver: firefox on windows (2c7c4fa8-7241-4356-a50b-7470399bf57f)] -&amp;gt; xpath: //form[@id=&amp;apos;basicBootstrapForm&amp;apos;]/div[7]//div/multi-select/div[2]/ul/li/a]
Session ID: 2c7c4fa8-7241-4356-a50b-7470399bf57f">
      <![CDATA[org.openqa.selenium.ElementClickInterceptedException: Element <a class="ui-corner-all"> is not clickable at point (619,721) because another element <iframe id="aswift_2" name="aswift_2" src="https://googleads.g.doubleclick.net/pagead/html/r20240618/r20110914/zrt_lookup_fy2021.html#RS-0-&adk=1812271801&client=ca-pub-9173866185064071&fa=1&ifi=3&uci=a!3&btvi=1"> obscures it
Build info: version: '4.11.0', revision: '040bc5406b'
System info: os.name: 'Windows 10', os.arch: 'amd64', os.version: '10.0', java.version: '1.8.0_202'
Driver info: org.openqa.selenium.firefox.FirefoxDriver
Command: [2c7c4fa8-7241-4356-a50b-7470399bf57f, clickElement {id=2560a618-6e50-4185-96a3-231999f98502}]
Capabilities {acceptInsecureCerts: true, browserName: firefox, browserVersion: 127.0.1, moz:accessibilityChecks: false, moz:buildID: 20240618110440, moz:debuggerAddress: 127.0.0.1:47713, moz:geckodriverVersion: 0.34.0, moz:headless: false, moz:platformVersion: 10.0, moz:processID: 22432, moz:profile: C:\Users\hp\AppData\Local\T..., moz:shutdownTimeout: 60000, moz:webdriverClick: true, moz:windowless: false, pageLoadStrategy: normal, platformName: windows, proxy: Proxy(), se:cdp: ws://127.0.0.1:47713/devtoo..., se:cdpVersion: 85.0, setWindowRect: true, strictFileInteractability: false, timeouts: {implicit: 0, pageLoad: 300000, script: 30000}, unhandledPromptBehavior: dismiss and notify, userAgent: Mozilla/5.0 (Windows NT 10....}
Element: [[FirefoxDriver: firefox on windows (2c7c4fa8-7241-4356-a50b-7470399bf57f)] -> xpath: //form[@id='basicBootstrapForm']/div[7]//div/multi-select/div[2]/ul/li/a]
Session ID: 2c7c4fa8-7241-4356-a50b-7470399bf57f
	at org.openqa.selenium.remote.codec.w3c.W3CHttpResponseCodec.createException(W3CHttpResponseCodec.java:200)
	at org.openqa.selenium.remote.codec.w3c.W3CHttpResponseCodec.decode(W3CHttpResponseCodec.java:133)
	at org.openqa.selenium.remote.codec.w3c.W3CHttpResponseCodec.decode(W3CHttpResponseCodec.java:52)
	at org.openqa.selenium.remote.HttpCommandExecutor.execute(HttpCommandExecutor.java:191)
	at org.openqa.selenium.remote.service.DriverCommandExecutor.invokeExecute(DriverCommandExecutor.java:196)
	at org.openqa.selenium.remote.service.DriverCommandExecutor.execute(DriverCommandExecutor.java:171)
	at org.openqa.selenium.remote.RemoteWebDriver.execute(RemoteWebDriver.java:518)
	at org.openqa.selenium.remote.RemoteWebElement.execute(RemoteWebElement.java:224)
	at org.openqa.selenium.remote.RemoteWebElement.click(RemoteWebElement.java:77)
	at UtilityClass.ActionsMethod.Click(ActionsMethod.java:31)
	at Pom.Registerpage.selectLaunage(Registerpage.java:366)
	at TestScript.TestRegister.VerifyRegisterPage(TestRegister.java:120)
... Removed 28 stack frames]]>
    </failure>
  </testcase> <!-- VerifyRegisterPage -->
  <testcase name="verifyRegisterPage" time="0.004" classname="TestScript.TestRegister"/>
  <testcase name="performNestedFrame" time="0.498" classname="TestScript.TestFrame"/>
</testsuite> <!-- Test -->
